[ERROR][<ipython-input-340-61f8009f7827>:41][2021-01-26 18:02:44,433]participants_for_lanes error at iteration 0 ---> name 'MapScaler' is not defined
[ERROR][<ipython-input-340-61f8009f7827>:41][2021-01-26 18:02:44,441]participants_for_lanes error at iteration 1 ---> name 'MapScaler' is not defined
[ERROR][<ipython-input-340-61f8009f7827>:41][2021-01-26 18:02:44,447]participants_for_lanes error at iteration 2 ---> name 'MapScaler' is not defined
[ERROR][<ipython-input-340-61f8009f7827>:41][2021-01-26 18:02:44,455]participants_for_lanes error at iteration 3 ---> name 'MapScaler' is not defined
[ERROR][<ipython-input-340-61f8009f7827>:41][2021-01-26 18:02:44,461]participants_for_lanes error at iteration 4 ---> name 'MapScaler' is not defined
[ERROR][<ipython-input-340-61f8009f7827>:41][2021-01-26 18:02:44,469]participants_for_lanes error at iteration 5 ---> name 'MapScaler' is not defined
[ERROR][<ipython-input-340-61f8009f7827>:41][2021-01-26 18:02:44,475]participants_for_lanes error at iteration 6 ---> name 'MapScaler' is not defined
[ERROR][<ipython-input-340-61f8009f7827>:41][2021-01-26 18:02:44,480]participants_for_lanes error at iteration 7 ---> name 'MapScaler' is not defined
[ERROR][<ipython-input-340-61f8009f7827>:41][2021-01-26 18:02:44,486]participants_for_lanes error at iteration 8 ---> name 'MapScaler' is not defined
[ERROR][<ipython-input-340-61f8009f7827>:41][2021-01-26 18:02:44,492]participants_for_lanes error at iteration 9 ---> name 'MapScaler' is not defined
[ERROR][<ipython-input-340-61f8009f7827>:41][2021-01-26 18:02:44,499]participants_for_lanes error at iteration 10 ---> name 'MapScaler' is not defined
[ERROR][<ipython-input-340-61f8009f7827>:41][2021-01-26 18:02:44,505]participants_for_lanes error at iteration 11 ---> name 'MapScaler' is not defined
[ERROR][<ipython-input-340-61f8009f7827>:41][2021-01-26 18:02:44,511]participants_for_lanes error at iteration 12 ---> name 'MapScaler' is not defined
[ERROR][<ipython-input-340-61f8009f7827>:41][2021-01-26 18:02:44,515]participants_for_lanes error at iteration 13 ---> name 'MapScaler' is not defined
[ERROR][<ipython-input-340-61f8009f7827>:41][2021-01-26 18:02:44,520]participants_for_lanes error at iteration 14 ---> name 'MapScaler' is not defined
[ERROR][<ipython-input-340-61f8009f7827>:41][2021-01-26 18:02:44,527]participants_for_lanes error at iteration 15 ---> name 'MapScaler' is not defined
[ERROR][<ipython-input-340-61f8009f7827>:41][2021-01-26 18:02:44,533]participants_for_lanes error at iteration 16 ---> name 'MapScaler' is not defined
[ERROR][<ipython-input-340-61f8009f7827>:41][2021-01-26 18:02:44,539]participants_for_lanes error at iteration 17 ---> name 'MapScaler' is not defined
[ERROR][<ipython-input-340-61f8009f7827>:41][2021-01-26 18:02:44,545]participants_for_lanes error at iteration 18 ---> name 'MapScaler' is not defined
[ERROR][<ipython-input-340-61f8009f7827>:41][2021-01-26 18:02:44,552]participants_for_lanes error at iteration 19 ---> name 'MapScaler' is not defined
[ERROR][<ipython-input-340-61f8009f7827>:41][2021-01-26 18:02:44,557]participants_for_lanes error at iteration 20 ---> name 'MapScaler' is not defined
[ERROR][<ipython-input-340-61f8009f7827>:41][2021-01-26 18:02:44,563]participants_for_lanes error at iteration 21 ---> name 'MapScaler' is not defined
[ERROR][<ipython-input-340-61f8009f7827>:41][2021-01-26 18:02:44,568]participants_for_lanes error at iteration 22 ---> name 'MapScaler' is not defined
[ERROR][<ipython-input-340-61f8009f7827>:41][2021-01-26 18:02:44,574]participants_for_lanes error at iteration 23 ---> name 'MapScaler' is not defined
[ERROR][<ipython-input-340-61f8009f7827>:41][2021-01-26 18:02:44,580]participants_for_lanes error at iteration 24 ---> name 'MapScaler' is not defined
[ERROR][<ipython-input-340-61f8009f7827>:41][2021-01-26 18:02:44,586]participants_for_lanes error at iteration 25 ---> name 'MapScaler' is not defined
[ERROR][<ipython-input-340-61f8009f7827>:41][2021-01-26 18:02:44,593]participants_for_lanes error at iteration 26 ---> name 'MapScaler' is not defined
[ERROR][<ipython-input-340-61f8009f7827>:41][2021-01-26 18:02:44,600]participants_for_lanes error at iteration 27 ---> name 'MapScaler' is not defined
[ERROR][<ipython-input-340-61f8009f7827>:41][2021-01-26 18:02:44,606]participants_for_lanes error at iteration 28 ---> name 'MapScaler' is not defined
[ERROR][<ipython-input-340-61f8009f7827>:41][2021-01-26 18:02:44,611]participants_for_lanes error at iteration 29 ---> name 'MapScaler' is not defined
[ERROR][<ipython-input-340-61f8009f7827>:41][2021-01-26 18:02:44,617]participants_for_lanes error at iteration 30 ---> name 'MapScaler' is not defined
[ERROR][<ipython-input-340-61f8009f7827>:41][2021-01-26 18:02:44,623]participants_for_lanes error at iteration 31 ---> name 'MapScaler' is not defined
[ERROR][<ipython-input-340-61f8009f7827>:41][2021-01-26 18:02:44,628]participants_for_lanes error at iteration 32 ---> name 'MapScaler' is not defined
[ERROR][<ipython-input-340-61f8009f7827>:41][2021-01-26 18:02:44,635]participants_for_lanes error at iteration 33 ---> name 'MapScaler' is not defined
[ERROR][<ipython-input-340-61f8009f7827>:41][2021-01-26 18:02:44,641]participants_for_lanes error at iteration 34 ---> name 'MapScaler' is not defined
[ERROR][<ipython-input-340-61f8009f7827>:41][2021-01-26 18:02:44,645]participants_for_lanes error at iteration 35 ---> name 'MapScaler' is not defined
[ERROR][<ipython-input-340-61f8009f7827>:41][2021-01-26 18:02:44,651]participants_for_lanes error at iteration 36 ---> name 'MapScaler' is not defined
[ERROR][<ipython-input-340-61f8009f7827>:41][2021-01-26 18:02:44,658]participants_for_lanes error at iteration 37 ---> name 'MapScaler' is not defined
[ERROR][<ipython-input-340-61f8009f7827>:41][2021-01-26 18:02:44,662]participants_for_lanes error at iteration 38 ---> name 'MapScaler' is not defined
[ERROR][<ipython-input-340-61f8009f7827>:41][2021-01-26 18:02:44,667]participants_for_lanes error at iteration 39 ---> name 'MapScaler' is not defined
[ERROR][<ipython-input-340-61f8009f7827>:41][2021-01-26 18:02:44,673]participants_for_lanes error at iteration 40 ---> name 'MapScaler' is not defined
[ERROR][<ipython-input-340-61f8009f7827>:41][2021-01-26 18:02:44,681]participants_for_lanes error at iteration 41 ---> name 'MapScaler' is not defined
[ERROR][<ipython-input-340-61f8009f7827>:41][2021-01-26 18:02:44,686]participants_for_lanes error at iteration 42 ---> name 'MapScaler' is not defined
[ERROR][<ipython-input-340-61f8009f7827>:41][2021-01-26 18:02:44,693]participants_for_lanes error at iteration 43 ---> name 'MapScaler' is not defined
[ERROR][<ipython-input-340-61f8009f7827>:41][2021-01-26 18:02:44,700]participants_for_lanes error at iteration 44 ---> name 'MapScaler' is not defined
[ERROR][<ipython-input-340-61f8009f7827>:41][2021-01-26 18:02:44,705]participants_for_lanes error at iteration 45 ---> name 'MapScaler' is not defined
[ERROR][<ipython-input-340-61f8009f7827>:41][2021-01-26 18:02:44,713]participants_for_lanes error at iteration 46 ---> name 'MapScaler' is not defined
[ERROR][<ipython-input-340-61f8009f7827>:41][2021-01-26 18:02:44,719]participants_for_lanes error at iteration 47 ---> name 'MapScaler' is not defined
[ERROR][<ipython-input-340-61f8009f7827>:41][2021-01-26 18:02:44,724]participants_for_lanes error at iteration 48 ---> name 'MapScaler' is not defined
[ERROR][<ipython-input-340-61f8009f7827>:41][2021-01-26 18:02:44,729]participants_for_lanes error at iteration 49 ---> name 'MapScaler' is not defined
[ERROR][<ipython-input-340-61f8009f7827>:41][2021-01-26 18:02:44,734]participants_for_lanes error at iteration 50 ---> name 'MapScaler' is not defined
[ERROR][<ipython-input-340-61f8009f7827>:41][2021-01-26 18:02:44,739]participants_for_lanes error at iteration 51 ---> name 'MapScaler' is not defined
[ERROR][<ipython-input-340-61f8009f7827>:41][2021-01-26 18:02:44,745]participants_for_lanes error at iteration 52 ---> name 'MapScaler' is not defined
[ERROR][<ipython-input-340-61f8009f7827>:41][2021-01-26 18:02:44,749]participants_for_lanes error at iteration 53 ---> name 'MapScaler' is not defined
[ERROR][<ipython-input-340-61f8009f7827>:41][2021-01-26 18:02:44,755]participants_for_lanes error at iteration 54 ---> name 'MapScaler' is not defined
[ERROR][<ipython-input-340-61f8009f7827>:41][2021-01-26 18:02:44,760]participants_for_lanes error at iteration 55 ---> name 'MapScaler' is not defined
[ERROR][<ipython-input-340-61f8009f7827>:41][2021-01-26 18:02:44,765]participants_for_lanes error at iteration 56 ---> name 'MapScaler' is not defined
[ERROR][<ipython-input-340-61f8009f7827>:41][2021-01-26 18:02:44,770]participants_for_lanes error at iteration 57 ---> name 'MapScaler' is not defined
[ERROR][<ipython-input-340-61f8009f7827>:41][2021-01-26 18:02:44,776]participants_for_lanes error at iteration 58 ---> name 'MapScaler' is not defined
[ERROR][<ipython-input-340-61f8009f7827>:41][2021-01-26 18:02:44,782]participants_for_lanes error at iteration 59 ---> name 'MapScaler' is not defined
[ERROR][<ipython-input-340-61f8009f7827>:41][2021-01-26 18:02:44,787]participants_for_lanes error at iteration 60 ---> name 'MapScaler' is not defined
[ERROR][<ipython-input-340-61f8009f7827>:41][2021-01-26 18:02:44,792]participants_for_lanes error at iteration 61 ---> name 'MapScaler' is not defined
[ERROR][<ipython-input-340-61f8009f7827>:41][2021-01-26 18:02:44,796]participants_for_lanes error at iteration 62 ---> name 'MapScaler' is not defined
[ERROR][<ipython-input-340-61f8009f7827>:41][2021-01-26 18:02:44,803]participants_for_lanes error at iteration 63 ---> name 'MapScaler' is not defined
[ERROR][<ipython-input-340-61f8009f7827>:41][2021-01-26 18:02:44,807]participants_for_lanes error at iteration 64 ---> name 'MapScaler' is not defined
[ERROR][<ipython-input-340-61f8009f7827>:41][2021-01-26 18:02:44,813]participants_for_lanes error at iteration 65 ---> name 'MapScaler' is not defined
[ERROR][<ipython-input-340-61f8009f7827>:41][2021-01-26 18:02:44,820]participants_for_lanes error at iteration 66 ---> name 'MapScaler' is not defined
[ERROR][<ipython-input-340-61f8009f7827>:41][2021-01-26 18:02:44,824]participants_for_lanes error at iteration 67 ---> name 'MapScaler' is not defined
[ERROR][<ipython-input-340-61f8009f7827>:41][2021-01-26 18:02:44,829]participants_for_lanes error at iteration 68 ---> name 'MapScaler' is not defined
[ERROR][<ipython-input-340-61f8009f7827>:41][2021-01-26 18:02:44,834]participants_for_lanes error at iteration 69 ---> name 'MapScaler' is not defined
[ERROR][<ipython-input-340-61f8009f7827>:41][2021-01-26 18:02:44,839]participants_for_lanes error at iteration 70 ---> name 'MapScaler' is not defined
[ERROR][<ipython-input-340-61f8009f7827>:41][2021-01-26 18:02:44,844]participants_for_lanes error at iteration 71 ---> name 'MapScaler' is not defined
